<?xml version="1.0" encoding="UTF-8"?>
<!-- Generated by org.testng.reporters.JUnitReportReporter -->
<testsuite hostname="DESKTOP-2ODO8DJ" failures="0" tests="7" name="com.DMS.testCases.TC_008_ConfigBookmarkSign" time="89.709" errors="0" timestamp="2023-11-20T13:26:11 IST" skipped="0">
  <testcase classname="com.DMS.testCases.TC_008_ConfigBookmarkSign" name="createDocumentType" time="17.837"/>
  <testcase classname="com.DMS.testCases.TC_008_ConfigBookmarkSign" name="documentTypeSearchValidation" time="11.900"/>
  <testcase classname="com.DMS.testCases.TC_008_ConfigBookmarkSign" name="editDocumentType" time="15.373"/>
  <testcase classname="com.DMS.testCases.TC_008_ConfigBookmarkSign" name="addBookmark" time="12.749"/>
  <testcase classname="com.DMS.testCases.TC_008_ConfigBookmarkSign" name="editBookmark" time="14.828"/>
  <testcase classname="com.DMS.testCases.TC_008_ConfigBookmarkSign" name="deleteBookmark" time="10.496"/>
  <testcase classname="com.DMS.testCases.TC_008_ConfigBookmarkSign" name="deleteDocumentType" time="6.526"/>
</testsuite> <!-- com.DMS.testCases.TC_008_ConfigBookmarkSign -->
