<?xml version="1.0" encoding="UTF-8"?>
<!-- Generated by org.testng.reporters.JUnitReportReporter -->
<testsuite hostname="DESKTOP-2ODO8DJ" failures="0" tests="4" name="com.DMS.testCases.TC_005_Dashboard" time="74.312" errors="0" timestamp="2024-01-03T12:24:33 IST" skipped="0">
  <testcase classname="com.DMS.testCases.TC_005_Dashboard" name="approveTrainingPlan" time="14.536"/>
  <testcase classname="com.DMS.testCases.TC_005_Dashboard" name="signDocument" time="20.019"/>
  <testcase classname="com.DMS.testCases.TC_005_Dashboard" name="signProcessTrainingAcknowledgement" time="24.277"/>
  <testcase classname="com.DMS.testCases.TC_005_Dashboard" name="signOnlineTestReport" time="15.480"/>
</testsuite> <!-- com.DMS.testCases.TC_005_Dashboard -->
