<?xml version="1.0" encoding="UTF-8"?>
<!-- Generated by org.testng.reporters.JUnitReportReporter -->
<testsuite hostname="DESKTOP-2ODO8DJ" failures="0" tests="8" name="com.DMS.testCases.TC_017_TrainingPlan" time="188.677" errors="0" timestamp="2023-11-21T09:41:20 IST" skipped="0">
  <testcase classname="com.DMS.testCases.TC_017_TrainingPlan" name="addTrainingPlan_MyTrainingPlan" time="33.228"/>
  <testcase classname="com.DMS.testCases.TC_017_TrainingPlan" name="editTrainingPlan_MyTrainingPlan" time="28.143"/>
  <testcase classname="com.DMS.testCases.TC_017_TrainingPlan" name="deleteTrainingPlan_MyTrainingPlan" time="14.681"/>
  <testcase classname="com.DMS.testCases.TC_017_TrainingPlan" name="export_MyTrainingPlan" time="4.190"/>
  <testcase classname="com.DMS.testCases.TC_017_TrainingPlan" name="sign_TrainingPlanForApproval" time="35.111"/>
  <testcase classname="com.DMS.testCases.TC_017_TrainingPlan" name="addTrainingPlan_addTrainingPlan" time="31.017"/>
  <testcase classname="com.DMS.testCases.TC_017_TrainingPlan" name="editTrainingPlan_addTrainingPlan" time="27.623"/>
  <testcase classname="com.DMS.testCases.TC_017_TrainingPlan" name="deleteTrainingPlan_addTrainingPlan" time="14.684"/>
</testsuite> <!-- com.DMS.testCases.TC_017_TrainingPlan -->
