<?xml version="1.0" encoding="UTF-8"?>
<!-- Generated by org.testng.reporters.JUnitReportReporter -->
<testsuite hostname="DESKTOP-2ODO8DJ" failures="0" tests="6" name="com.DMS.testCases.TC_007_Designation" time="156.247" errors="0" timestamp="2023-11-20T13:23:13 IST" skipped="0">
  <testcase classname="com.DMS.testCases.TC_007_Designation" name="createDesignation" time="21.818"/>
  <testcase classname="com.DMS.testCases.TC_007_Designation" name="setPrivilege" time="34.802"/>
  <testcase classname="com.DMS.testCases.TC_007_Designation" name="editPrivilege" time="35.806"/>
  <testcase classname="com.DMS.testCases.TC_007_Designation" name="edit" time="28.249"/>
  <testcase classname="com.DMS.testCases.TC_007_Designation" name="delete" time="18.433"/>
  <testcase classname="com.DMS.testCases.TC_007_Designation" name="desNameSearchValidation" time="17.139"/>
</testsuite> <!-- com.DMS.testCases.TC_007_Designation -->
