<?xml version="1.0" encoding="UTF-8"?>
<!-- Generated by org.testng.reporters.JUnitReportReporter -->
<testsuite hostname="DESKTOP-2ODO8DJ" failures="0" tests="6" name="com.DMS.testCases.TC_009_Screens" time="63.746" errors="0" timestamp="2023-11-20T16:09:41 IST" skipped="0">
  <testcase classname="com.DMS.testCases.TC_009_Screens" name="addScreen" time="15.766"/>
  <testcase classname="com.DMS.testCases.TC_009_Screens" name="editScreen" time="12.923"/>
  <testcase classname="com.DMS.testCases.TC_009_Screens" name="addControl" time="8.024"/>
  <testcase classname="com.DMS.testCases.TC_009_Screens" name="editControl" time="13.688"/>
  <testcase classname="com.DMS.testCases.TC_009_Screens" name="deleteControl" time="6.329"/>
  <testcase classname="com.DMS.testCases.TC_009_Screens" name="deleteScreen" time="7.016"/>
</testsuite> <!-- com.DMS.testCases.TC_009_Screens -->
