<?xml version="1.0" encoding="UTF-8"?>
<!-- Generated by org.testng.reporters.JUnitReportReporter -->
<testsuite hostname="DESKTOP-2ODO8DJ" failures="0" tests="2" name="com.DMS.testCases.TC_002_loginTest_Negative" time="9.009" errors="0" timestamp="2024-01-03T12:24:34 IST" skipped="0">
  <testcase classname="com.DMS.testCases.TC_002_loginTest_Negative" name="LoginTestNegative" time="4.333"/>
  <testcase classname="com.DMS.testCases.TC_002_loginTest_Negative" name="LoginTestNegative" time="4.676"/>
</testsuite> <!-- com.DMS.testCases.TC_002_loginTest_Negative -->
