<?xml version="1.0" encoding="UTF-8"?>
<!-- Generated by org.testng.reporters.JUnitReportReporter -->
<testsuite hostname="DESKTOP-2ODO8DJ" failures="0" tests="11" name="com.DMS.testCases.TC_016_TestResult" time="200.665" errors="0" timestamp="2023-11-21T08:23:42 IST" skipped="0">
  <testcase classname="com.DMS.testCases.TC_016_TestResult" name="employeeNameSearchValidation_Initiator" time="18.653"/>
  <testcase classname="com.DMS.testCases.TC_016_TestResult" name="resultSearchValidation_Initiator" time="12.005"/>
  <testcase classname="com.DMS.testCases.TC_016_TestResult" name="statusSearchValidation_Initiator" time="13.137"/>
  <testcase classname="com.DMS.testCases.TC_016_TestResult" name="dateSearchValidation_Initiator" time="20.263"/>
  <testcase classname="com.DMS.testCases.TC_016_TestResult" name="downloadTest" time="11.499"/>
  <testcase classname="com.DMS.testCases.TC_016_TestResult" name="employeeNameSearchValidation_Supervisor" time="22.854"/>
  <testcase classname="com.DMS.testCases.TC_016_TestResult" name="resultSearchValidation_Supervisor" time="11.956"/>
  <testcase classname="com.DMS.testCases.TC_016_TestResult" name="statusSearchValidation_Supervisor" time="11.788"/>
  <testcase classname="com.DMS.testCases.TC_016_TestResult" name="dateSearchValidation_Supervisor" time="22.400"/>
  <testcase classname="com.DMS.testCases.TC_016_TestResult" name="sign_test_Supervisor" time="36.307"/>
  <testcase classname="com.DMS.testCases.TC_016_TestResult" name="submitExam" time="19.803"/>
</testsuite> <!-- com.DMS.testCases.TC_016_TestResult -->
