<?xml version="1.0" encoding="UTF-8"?>
<!-- Generated by org.testng.reporters.JUnitReportReporter -->
<testsuite hostname="DESKTOP-2ODO8DJ" failures="0" tests="6" name="com.DMS.testCases.TC_008_Departments" time="195.713" errors="0" timestamp="2023-11-04T22:16:07 IST" skipped="0">
  <testcase classname="com.DMS.testCases.TC_008_Departments" name="addSignersToTheDocument" time="66.741"/>
  <testcase classname="com.DMS.testCases.TC_008_Departments" name="addSigners_Document" time="22.169"/>
  <testcase classname="com.DMS.testCases.TC_008_Departments" name="signDocument" time="35.103"/>
  <testcase classname="com.DMS.testCases.TC_008_Departments" name="approvalDoc" time="28.819"/>
  <testcase classname="com.DMS.testCases.TC_008_Departments" name="addNewVersion_Doc" time="35.577"/>
  <testcase classname="com.DMS.testCases.TC_008_Departments" name="docDownload_Print" time="7.304"/>
</testsuite> <!-- com.DMS.testCases.TC_008_Departments -->
