<?xml version="1.0" encoding="UTF-8"?>
<!-- Generated by org.testng.reporters.JUnitReportReporter -->
<testsuite hostname="DESKTOP-2ODO8DJ" failures="0" tests="8" name="com.DMS.testCases.TC_004_Dashboard" time="89.236" errors="0" timestamp="2023-10-22T18:26:43 IST" skipped="0">
  <testcase classname="com.DMS.testCases.TC_004_Dashboard" name="Department" time="7.645"/>
  <testcase classname="com.DMS.testCases.TC_004_Dashboard" name="Projects" time="11.604"/>
  <testcase classname="com.DMS.testCases.TC_004_Dashboard" name="Users" time="11.518"/>
  <testcase classname="com.DMS.testCases.TC_004_Dashboard" name="Designation" time="11.554"/>
  <testcase classname="com.DMS.testCases.TC_004_Dashboard" name="SOPLibrary" time="11.683"/>
  <testcase classname="com.DMS.testCases.TC_004_Dashboard" name="ConfigureExam" time="11.682"/>
  <testcase classname="com.DMS.testCases.TC_004_Dashboard" name="MyFiles" time="11.693"/>
  <testcase classname="com.DMS.testCases.TC_004_Dashboard" name="ExamEvidence" time="11.857"/>
</testsuite> <!-- com.DMS.testCases.TC_004_Dashboard -->
