<?xml version="1.0" encoding="UTF-8"?>
<!-- Generated by org.testng.reporters.JUnitReportReporter -->
<testsuite hostname="DESKTOP-2ODO8DJ" failures="0" tests="5" name="com.DMS.testCases.TC_019_TrainingAcknowledgement" time="118.505" errors="0" timestamp="2023-11-16T15:38:40 IST" skipped="0">
  <testcase classname="com.DMS.testCases.TC_019_TrainingAcknowledgement" name="sign_MyTraining" time="36.999"/>
  <testcase classname="com.DMS.testCases.TC_019_TrainingAcknowledgement" name="downloadSignedDoc_MyTraining" time="18.812"/>
  <testcase classname="com.DMS.testCases.TC_019_TrainingAcknowledgement" name="sign_Verification" time="33.808"/>
  <testcase classname="com.DMS.testCases.TC_019_TrainingAcknowledgement" name="downloadSignedDoc_Verification" time="24.287"/>
  <testcase classname="com.DMS.testCases.TC_019_TrainingAcknowledgement" name="initiatorSOP" time="4.599"/>
</testsuite> <!-- com.DMS.testCases.TC_019_TrainingAcknowledgement -->
