<?xml version="1.0" encoding="UTF-8"?>
<!-- Generated by org.testng.reporters.JUnitReportReporter -->
<testsuite hostname="DESKTOP-2ODO8DJ" failures="0" tests="6" name="com.DMS.testCases.TC_011_MyFiles" time="153.617" errors="0" timestamp="2023-10-23T12:21:19 IST" skipped="0">
  <testcase classname="com.DMS.testCases.TC_011_MyFiles" name="UploadDocument" time="81.566"/>
  <testcase classname="com.DMS.testCases.TC_011_MyFiles" name="EditDocument" time="15.267"/>
  <testcase classname="com.DMS.testCases.TC_011_MyFiles" name="PermissionDocument" time="17.869"/>
  <testcase classname="com.DMS.testCases.TC_011_MyFiles" name="ShareDocument" time="17.291"/>
  <testcase classname="com.DMS.testCases.TC_011_MyFiles" name="DeletDocument" time="12.622"/>
  <testcase classname="com.DMS.testCases.TC_011_MyFiles" name="ArchiveDocument" time="9.002"/>
</testsuite> <!-- com.DMS.testCases.TC_011_MyFiles -->
