<?xml version="1.0" encoding="UTF-8"?>
<!-- Generated by org.testng.reporters.JUnitReportReporter -->
<testsuite hostname="DESKTOP-2ODO8DJ" failures="0" tests="2" name="com.DMS.testCases.TC_002_loginTest_Negative" time="12.025" errors="0" timestamp="2023-10-31T13:20:42 IST" skipped="0">
  <testcase classname="com.DMS.testCases.TC_002_loginTest_Negative" name="LoginTestNegative" time="5.676"/>
  <testcase classname="com.DMS.testCases.TC_002_loginTest_Negative" name="LoginTestNegative" time="6.349"/>
</testsuite> <!-- com.DMS.testCases.TC_002_loginTest_Negative -->
