<?xml version="1.0" encoding="UTF-8"?>
<!-- Generated by org.testng.reporters.JUnitReportReporter -->
<testsuite hostname="DESKTOP-2ODO8DJ" failures="0" tests="2" name="com.DMS.testCases.TC_004_Profile" time="35.012" errors="0" timestamp="2023-11-20T11:58:11 IST" skipped="0">
  <testcase classname="com.DMS.testCases.TC_004_Profile" name="editSign" time="30.750"/>
  <testcase classname="com.DMS.testCases.TC_004_Profile" name="selectSignatureStyle" time="4.262"/>
</testsuite> <!-- com.DMS.testCases.TC_004_Profile -->
