<?xml version="1.0" encoding="UTF-8"?>
<!-- Generated by org.testng.reporters.JUnitReportReporter -->
<testsuite hostname="DESKTOP-2ODO8DJ" failures="0" tests="3" name="com.DMS.testCases.TC_018_ConfigProcessTraining" time="70.115" errors="0" timestamp="2023-11-21T09:50:29 IST" skipped="0">
  <testcase classname="com.DMS.testCases.TC_018_ConfigProcessTraining" name="assignSOP" time="41.970"/>
  <testcase classname="com.DMS.testCases.TC_018_ConfigProcessTraining" name="nameSearchValidation" time="12.261"/>
  <testcase classname="com.DMS.testCases.TC_018_ConfigProcessTraining" name="designationSearchValidation" time="15.884"/>
</testsuite> <!-- com.DMS.testCases.TC_018_ConfigProcessTraining -->
