<?xml version="1.0" encoding="UTF-8"?>
<!-- Generated by org.testng.reporters.JUnitReportReporter -->
<testsuite hostname="DESKTOP-2ODO8DJ" failures="0" tests="3" name="com.DMS.testCases.TC_010_DocumentTemplate" time="56.432" errors="0" timestamp="2023-11-20T13:33:14 IST" skipped="0">
  <testcase classname="com.DMS.testCases.TC_010_DocumentTemplate" name="createDocumenttemplate" time="42.367"/>
  <testcase classname="com.DMS.testCases.TC_010_DocumentTemplate" name="documentView" time="9.237"/>
  <testcase classname="com.DMS.testCases.TC_010_DocumentTemplate" name="documentDelete" time="4.828"/>
</testsuite> <!-- com.DMS.testCases.TC_010_DocumentTemplate -->
