<?xml version="1.0" encoding="UTF-8"?>
<!-- Generated by org.testng.reporters.JUnitReportReporter -->
<testsuite hostname="DESKTOP-2ODO8DJ" failures="0" tests="5" name="com.DMS.testCases.TC_004_Profile" time="76.100" errors="0" timestamp="2024-01-03T12:24:34 IST" skipped="0">
  <testcase classname="com.DMS.testCases.TC_004_Profile" name="changePassword" time="19.180"/>
  <testcase classname="com.DMS.testCases.TC_004_Profile" name="updatePasswordForDigiSign" time="21.424"/>
  <testcase classname="com.DMS.testCases.TC_004_Profile" name="forgotDigiSignPassword" time="9.442"/>
  <testcase classname="com.DMS.testCases.TC_004_Profile" name="editSign" time="21.886"/>
  <testcase classname="com.DMS.testCases.TC_004_Profile" name="selectSignatureStyle" time="4.168"/>
</testsuite> <!-- com.DMS.testCases.TC_004_Profile -->
