<?xml version="1.0" encoding="UTF-8"?>
<!-- Generated by org.testng.reporters.JUnitReportReporter -->
<testsuite hostname="DESKTOP-2ODO8DJ" failures="0" tests="1" name="com.DMS.testCases.TC_001_loginTest_Positive" time="54.739" errors="0" timestamp="2023-10-31T13:03:21 IST" skipped="0">
  <testcase classname="com.DMS.testCases.TC_001_loginTest_Positive" name="LoginTest" time="54.739"/>
</testsuite> <!-- com.DMS.testCases.TC_001_loginTest_Positive -->
