<?xml version="1.0" encoding="UTF-8"?>
<!-- Generated by org.testng.reporters.JUnitReportReporter -->
<testsuite hostname="DESKTOP-2ODO8DJ" failures="0" tests="9" name="com.DMS.testCases.TC_014_DocumentApprovals" time="232.558" errors="0" timestamp="2023-11-21T07:35:53 IST" skipped="0">
  <testcase classname="com.DMS.testCases.TC_014_DocumentApprovals" name="docuemntTitleSearchValidation" time="16.406"/>
  <testcase classname="com.DMS.testCases.TC_014_DocumentApprovals" name="dateSearchValidation" time="20.631"/>
  <testcase classname="com.DMS.testCases.TC_014_DocumentApprovals" name="statusSearchValidation" time="18.659"/>
  <testcase classname="com.DMS.testCases.TC_014_DocumentApprovals" name="approveDoc1" time="29.201"/>
  <testcase classname="com.DMS.testCases.TC_014_DocumentApprovals" name="rejectDoc1" time="27.495"/>
  <testcase classname="com.DMS.testCases.TC_014_DocumentApprovals" name="viewStatus" time="20.625"/>
  <testcase classname="com.DMS.testCases.TC_014_DocumentApprovals" name="viewDocumet_Approval" time="38.634"/>
  <testcase classname="com.DMS.testCases.TC_014_DocumentApprovals" name="viewDocumet_Reject" time="34.340"/>
  <testcase classname="com.DMS.testCases.TC_014_DocumentApprovals" name="viewApprovedDocumet_download_print" time="26.567"/>
</testsuite> <!-- com.DMS.testCases.TC_014_DocumentApprovals -->
