<?xml version="1.0" encoding="UTF-8"?>
<!-- Generated by org.testng.reporters.JUnitReportReporter -->
<testsuite hostname="DESKTOP-2ODO8DJ" failures="0" tests="5" name="com.DMS.testCases.TC_019_TrainingAcknowledgement" time="116.747" errors="0" timestamp="2023-11-21T09:55:04 IST" skipped="0">
  <testcase classname="com.DMS.testCases.TC_019_TrainingAcknowledgement" name="sign_MyTraining" time="37.292"/>
  <testcase classname="com.DMS.testCases.TC_019_TrainingAcknowledgement" name="downloadSignedDoc_MyTraining" time="19.157"/>
  <testcase classname="com.DMS.testCases.TC_019_TrainingAcknowledgement" name="sign_Verification" time="31.887"/>
  <testcase classname="com.DMS.testCases.TC_019_TrainingAcknowledgement" name="downloadSignedDoc_Verification" time="23.987"/>
  <testcase classname="com.DMS.testCases.TC_019_TrainingAcknowledgement" name="assignTraining" time="4.424"/>
</testsuite> <!-- com.DMS.testCases.TC_019_TrainingAcknowledgement -->
