<?xml version="1.0" encoding="UTF-8"?>
<!-- Generated by org.testng.reporters.JUnitReportReporter -->
<testsuite hostname="DESKTOP-2ODO8DJ" failures="0" tests="29" name="com.DMS.testCases.TC_011_Departments" time="787.822" errors="0" timestamp="2023-11-20T15:38:38 IST" skipped="0">
  <testcase classname="com.DMS.testCases.TC_011_Departments" name="createDepartment" time="15.235"/>
  <testcase classname="com.DMS.testCases.TC_011_Departments" name="userAssigning" time="84.745"/>
  <testcase classname="com.DMS.testCases.TC_011_Departments" name="subDepartmentCreation" time="14.601"/>
  <testcase classname="com.DMS.testCases.TC_011_Departments" name="mainFolderCreation" time="14.712"/>
  <testcase classname="com.DMS.testCases.TC_011_Departments" name="MainFolderEdit" time="18.954"/>
  <testcase classname="com.DMS.testCases.TC_011_Departments" name="MainFolderSendTo" time="25.434"/>
  <testcase classname="com.DMS.testCases.TC_011_Departments" name="MainFolderPermission" time="22.447"/>
  <testcase classname="com.DMS.testCases.TC_011_Departments" name="MainFolderShare" time="21.497"/>
  <testcase classname="com.DMS.testCases.TC_011_Departments" name="MainFolderDelete" time="17.840"/>
  <testcase classname="com.DMS.testCases.TC_011_Departments" name="MainFolderArchive" time="29.342"/>
  <testcase classname="com.DMS.testCases.TC_011_Departments" name="SubFolderCreation" time="68.748"/>
  <testcase classname="com.DMS.testCases.TC_011_Departments" name="SubFolderEdit" time="42.471"/>
  <testcase classname="com.DMS.testCases.TC_011_Departments" name="SubFolderSendTo" time="27.945"/>
  <testcase classname="com.DMS.testCases.TC_011_Departments" name="SubFolderPermission" time="25.104"/>
  <testcase classname="com.DMS.testCases.TC_011_Departments" name="SubFolderShare" time="23.621"/>
  <testcase classname="com.DMS.testCases.TC_011_Departments" name="SubFolderDelete" time="20.069"/>
  <testcase classname="com.DMS.testCases.TC_011_Departments" name="SubFolderArchive" time="28.418"/>
  <testcase classname="com.DMS.testCases.TC_011_Departments" name="UploadDocument" time="74.569"/>
  <testcase classname="com.DMS.testCases.TC_011_Departments" name="EditDocument" time="15.364"/>
  <testcase classname="com.DMS.testCases.TC_011_Departments" name="PermissionDocument" time="17.384"/>
  <testcase classname="com.DMS.testCases.TC_011_Departments" name="ShareDocument" time="17.636"/>
  <testcase classname="com.DMS.testCases.TC_011_Departments" name="DeletDocument" time="12.795"/>
  <testcase classname="com.DMS.testCases.TC_011_Departments" name="ArchiveDocument" time="12.707"/>
  <testcase classname="com.DMS.testCases.TC_011_Departments" name="addSignersToTheDocument" time="37.113"/>
  <testcase classname="com.DMS.testCases.TC_011_Departments" name="addSigners_Document" time="17.024"/>
  <testcase classname="com.DMS.testCases.TC_011_Departments" name="signDocument" time="25.047"/>
  <testcase classname="com.DMS.testCases.TC_011_Departments" name="approvalDoc" time="13.587"/>
  <testcase classname="com.DMS.testCases.TC_011_Departments" name="addNewVersion_Doc" time="35.903"/>
  <testcase classname="com.DMS.testCases.TC_011_Departments" name="docDownload_Print" time="7.510"/>
</testsuite> <!-- com.DMS.testCases.TC_011_Departments -->
