<?xml version="1.0" encoding="UTF-8"?>
<!-- Generated by org.testng.reporters.JUnitReportReporter -->
<testsuite hostname="DESKTOP-2ODO8DJ" failures="0" tests="23" name="com.DMS.testCases.TC_012_MyFiles" time="682.070" errors="0" timestamp="2023-11-20T21:31:50 IST" skipped="0">
  <testcase classname="com.DMS.testCases.TC_012_MyFiles" name="mainFolderCreation" time="18.866"/>
  <testcase classname="com.DMS.testCases.TC_012_MyFiles" name="MainFolderEdit" time="19.229"/>
  <testcase classname="com.DMS.testCases.TC_012_MyFiles" name="MainFolderPermission" time="23.023"/>
  <testcase classname="com.DMS.testCases.TC_012_MyFiles" name="MainFolderShare" time="22.030"/>
  <testcase classname="com.DMS.testCases.TC_012_MyFiles" name="MainFolderDelete" time="18.155"/>
  <testcase classname="com.DMS.testCases.TC_012_MyFiles" name="MainFolderArchive" time="30.082"/>
  <testcase classname="com.DMS.testCases.TC_012_MyFiles" name="SubFolderCreation" time="80.688"/>
  <testcase classname="com.DMS.testCases.TC_012_MyFiles" name="SubFolderEdit" time="39.818"/>
  <testcase classname="com.DMS.testCases.TC_012_MyFiles" name="SubFolderPermission" time="25.202"/>
  <testcase classname="com.DMS.testCases.TC_012_MyFiles" name="SubFolderShare" time="23.844"/>
  <testcase classname="com.DMS.testCases.TC_012_MyFiles" name="SubFolderDelete" time="63.601"/>
  <testcase classname="com.DMS.testCases.TC_012_MyFiles" name="SubFolderArchive" time="28.377"/>
  <testcase classname="com.DMS.testCases.TC_012_MyFiles" name="UploadDocument" time="68.729"/>
  <testcase classname="com.DMS.testCases.TC_012_MyFiles" name="EditDocument" time="23.765"/>
  <testcase classname="com.DMS.testCases.TC_012_MyFiles" name="PermissionDocument" time="25.790"/>
  <testcase classname="com.DMS.testCases.TC_012_MyFiles" name="ShareDocument" time="17.798"/>
  <testcase classname="com.DMS.testCases.TC_012_MyFiles" name="DeletDocument" time="12.725"/>
  <testcase classname="com.DMS.testCases.TC_012_MyFiles" name="ArchiveDocument" time="16.647"/>
  <testcase classname="com.DMS.testCases.TC_012_MyFiles" name="addSignersToTheDocument" time="36.142"/>
  <testcase classname="com.DMS.testCases.TC_012_MyFiles" name="addSigners_Document" time="17.197"/>
  <testcase classname="com.DMS.testCases.TC_012_MyFiles" name="signDocument" time="28.013"/>
  <testcase classname="com.DMS.testCases.TC_012_MyFiles" name="addNewVersion" time="35.141"/>
  <testcase classname="com.DMS.testCases.TC_012_MyFiles" name="docDownload_Print" time="7.208"/>
</testsuite> <!-- com.DMS.testCases.TC_012_MyFiles -->
