<?xml version="1.0" encoding="UTF-8"?>
<!-- Generated by org.testng.reporters.JUnitReportReporter -->
<testsuite hostname="DESKTOP-2ODO8DJ" failures="0" tests="12" name="com.DMS.testCases.TC_015_ConfigOnlineTest" time="267.496" errors="0" timestamp="2023-11-21T08:02:35 IST" skipped="0">
  <testcase classname="com.DMS.testCases.TC_015_ConfigOnlineTest" name="configureExam" time="38.984"/>
  <testcase classname="com.DMS.testCases.TC_015_ConfigOnlineTest" name="userAddition" time="19.642"/>
  <testcase classname="com.DMS.testCases.TC_015_ConfigOnlineTest" name="employeeDeletion" time="6.716"/>
  <testcase classname="com.DMS.testCases.TC_015_ConfigOnlineTest" name="createQuestion" time="85.225"/>
  <testcase classname="com.DMS.testCases.TC_015_ConfigOnlineTest" name="editQuestion" time="11.670"/>
  <testcase classname="com.DMS.testCases.TC_015_ConfigOnlineTest" name="deleteQuestion" time="6.535"/>
  <testcase classname="com.DMS.testCases.TC_015_ConfigOnlineTest" name="addDocument" time="21.824"/>
  <testcase classname="com.DMS.testCases.TC_015_ConfigOnlineTest" name="delDocument" time="15.834"/>
  <testcase classname="com.DMS.testCases.TC_015_ConfigOnlineTest" name="examConfiguration" time="12.824"/>
  <testcase classname="com.DMS.testCases.TC_015_ConfigOnlineTest" name="examNameSearchValidation" time="11.548"/>
  <testcase classname="com.DMS.testCases.TC_015_ConfigOnlineTest" name="editTest" time="15.002"/>
  <testcase classname="com.DMS.testCases.TC_015_ConfigOnlineTest" name="viewTest" time="21.692"/>
</testsuite> <!-- com.DMS.testCases.TC_015_ConfigOnlineTest -->
