<?xml version="1.0" encoding="UTF-8"?>
<!-- Generated by org.testng.reporters.JUnitReportReporter -->
<testsuite hostname="DESKTOP-2ODO8DJ" failures="0" tests="6" name="com.DMS.testCases.TC_006_Users" time="128.352" errors="0" timestamp="2023-11-20T12:29:07 IST" skipped="0">
  <testcase classname="com.DMS.testCases.TC_006_Users" name="usersPage" time="42.550"/>
  <testcase classname="com.DMS.testCases.TC_006_Users" name="edit" time="19.716"/>
  <testcase classname="com.DMS.testCases.TC_006_Users" name="nameSearchValidation" time="14.905"/>
  <testcase classname="com.DMS.testCases.TC_006_Users" name="designationSearchValidation" time="16.909"/>
  <testcase classname="com.DMS.testCases.TC_006_Users" name="departmentSearchValidation" time="19.452"/>
  <testcase classname="com.DMS.testCases.TC_006_Users" name="delete" time="14.820"/>
</testsuite> <!-- com.DMS.testCases.TC_006_Users -->
