<?xml version="1.0" encoding="UTF-8"?>
<!-- Generated by org.testng.reporters.JUnitReportReporter -->
<testsuite hostname="DESKTOP-2ODO8DJ" failures="0" tests="3" name="com.DMS.testCases.TC_005_Dashboard" time="58.776" errors="0" timestamp="2023-11-21T10:36:22 IST" skipped="0">
  <testcase classname="com.DMS.testCases.TC_005_Dashboard" name="signDocument" time="21.523"/>
  <testcase classname="com.DMS.testCases.TC_005_Dashboard" name="signProcessTrainingAcknowledgement" time="22.090"/>
  <testcase classname="com.DMS.testCases.TC_005_Dashboard" name="signOnlineTestReport" time="15.163"/>
</testsuite> <!-- com.DMS.testCases.TC_005_Dashboard -->
