<?xml version="1.0" encoding="UTF-8"?>
<!-- Generated by org.testng.reporters.JUnitReportReporter -->
<testsuite hostname="DESKTOP-2ODO8DJ" failures="0" tests="3" name="com.DMS.testCases.TC_018_ConfigProcessTraining" time="72.447" errors="0" timestamp="2023-11-16T11:12:31 IST" skipped="0">
  <testcase classname="com.DMS.testCases.TC_018_ConfigProcessTraining" name="assignSOP" time="43.549"/>
  <testcase classname="com.DMS.testCases.TC_018_ConfigProcessTraining" name="nameSearchValidation" time="12.531"/>
  <testcase classname="com.DMS.testCases.TC_018_ConfigProcessTraining" name="designationSearchValidation" time="16.367"/>
</testsuite> <!-- com.DMS.testCases.TC_018_ConfigProcessTraining -->
