<?xml version="1.0" encoding="UTF-8"?>
<!-- Generated by org.testng.reporters.JUnitReportReporter -->
<testsuite hostname="DESKTOP-2ODO8DJ" failures="0" tests="1" name="com.DMS.testCases.TC_001_loginTest_Positive" time="7.546" errors="0" timestamp="2024-01-03T12:24:34 IST" skipped="0">
  <testcase classname="com.DMS.testCases.TC_001_loginTest_Positive" name="LoginTest" time="7.546"/>
</testsuite> <!-- com.DMS.testCases.TC_001_loginTest_Positive -->
