<?xml version="1.0" encoding="UTF-8"?>
<!-- Generated by org.testng.reporters.JUnitReportReporter -->
<testsuite hostname="DESKTOP-2ODO8DJ" failures="0" tests="2" name="com.DMS.testCases.TC_002_loginTest_Negative" time="9.601" errors="0" timestamp="2023-11-20T11:43:46 IST" skipped="0">
  <testcase classname="com.DMS.testCases.TC_002_loginTest_Negative" name="LoginTestNegative" time="4.662"/>
  <testcase classname="com.DMS.testCases.TC_002_loginTest_Negative" name="LoginTestNegative" time="4.939"/>
</testsuite> <!-- com.DMS.testCases.TC_002_loginTest_Negative -->
