<?xml version="1.0" encoding="UTF-8"?>
<!-- Generated by org.testng.reporters.JUnitReportReporter -->
<testsuite hostname="DESKTOP-2ODO8DJ" failures="0" tests="1" name="com.DMS.testCases.TC_003_ForgotPassword" time="10.687" errors="0" timestamp="2024-01-03T12:24:34 IST" skipped="0">
  <testcase classname="com.DMS.testCases.TC_003_ForgotPassword" name="forgotPassword" time="10.687"/>
</testsuite> <!-- com.DMS.testCases.TC_003_ForgotPassword -->
