<?xml version="1.0" encoding="UTF-8"?>
<!-- Generated by org.testng.reporters.JUnitReportReporter -->
<testsuite hostname="DESKTOP-2ODO8DJ" failures="0" tests="6" name="com.DMS.testCases.TC_006_Users" time="201.438" errors="0" timestamp="2024-01-03T12:24:33 IST" skipped="0">
  <testcase classname="com.DMS.testCases.TC_006_Users" name="usersPage" time="39.474"/>
  <testcase classname="com.DMS.testCases.TC_006_Users" name="edit" time="18.390"/>
  <testcase classname="com.DMS.testCases.TC_006_Users" name="nameSearchValidation" time="15.213"/>
  <testcase classname="com.DMS.testCases.TC_006_Users" name="designationSearchValidation" time="14.426"/>
  <testcase classname="com.DMS.testCases.TC_006_Users" name="departmentSearchValidation" time="100.011"/>
  <testcase classname="com.DMS.testCases.TC_006_Users" name="delete" time="13.924"/>
</testsuite> <!-- com.DMS.testCases.TC_006_Users -->
